Build started 25/06/2014 16:18:17.
     1>Project "C:\Dev\svn\korben-dev\Orkid_vs2013\OrkidRuntimeDll\OrkidRuntimeDll.vcxproj" on node 2 (Rebuild target(s)).
     1>_PrepareForClean:
         Deleting file "Debug\OrkidRuntimeDll.tlog\OrkidRuntimeDll.lastbuildstate".
       InitializeBuildStatus:
         Touching "Debug\OrkidRuntimeDll.tlog\unsuccessfulbuild".
       ClCompile:
         C:\Program Files (x86)\Microsoft Visual Studio 12.0\VC\bin\CL.exe /c /I"C:\Dev\svn\korben-dev\Orkid_vs2013" /ZI /nologo /W3 /WX- /Od /Oy- /D CODE_ANALYSIS /D WIN32 /D _DEBUG /D _WINDOWS /D _USRDLL /D ORKIDRUNTIMEDLL_EXPORTS /D _WINDLL /D _MBCS /Gm /EHsc /RTC1 /MDd /GS /fp:precise /Zc:wchar_t /Zc:forScope /Fo"Debug\\" /Fd"Debug\vc120.pdb" /Gd /TP /analyze /analyze:plugin"C:\Program Files (x86)\Microsoft Visual Studio 12.0\VC\\bin\localespc.dll" /errorReport:prompt   /analyze:quiet Sources\OrkidRuntimeDllMain.cpp
         OrkidRuntimeDllMain.cpp
       Link:
         C:\Program Files (x86)\Microsoft Visual Studio 12.0\VC\bin\link.exe /ERRORREPORT:PROMPT /OUT:"C:\Dev\svn\korben-dev\Orkid_vs2013\Debug\OrkidRuntimeDll.dll" /INCREMENTAL /NOLOGO /LIBPATH:"C:\Dev\svn\korben-dev\Libraries\OpenGL\glew\lib\Release\Win32" Opengl32.lib glew32.lib kernel32.lib user32.lib gdi32.lib winspool.lib comdlg32.lib advapi32.lib shell32.lib ole32.lib oleaut32.lib uuid.lib odbc32.lib odbccp32.lib /MANIFEST /MANIFESTUAC:"level='asInvoker' uiAccess='false'" /manifest:embed /DEBUG /PDB:"C:\Dev\svn\korben-dev\Orkid_vs2013\Debug\OrkidRuntimeDll.pdb" /SUBSYSTEM:WINDOWS /TLBID:1 /DYNAMICBASE /NXCOMPAT /IMPLIB:"C:\Dev\svn\korben-dev\Orkid_vs2013\Debug\OrkidRuntimeDll.lib" /MACHINE:X86 /DLL Debug\OrkidRuntimeDllMain.obj
         "C:\Dev\svn\korben-dev\Orkid_vs2013\Debug\OrkidCore.lib"
         "C:\Dev\svn\korben-dev\Orkid_vs2013\Debug\OrkidEngine.lib"
     1>LINK : fatal error LNK1104: cannot open file 'C:\Dev\svn\korben-dev\Orkid_vs2013\Debug\OrkidCore.lib'
     1>Done Building Project "C:\Dev\svn\korben-dev\Orkid_vs2013\OrkidRuntimeDll\OrkidRuntimeDll.vcxproj" (Rebuild target(s)) -- FAILED.

Build FAILED.

Time Elapsed 00:00:02.76
